*** Using Compiler 'V5.06 update 6 (build 750)', folder: 'D:\apps\MDK525\ARM\ARMCC\Bin'
Build target 'Template'
assembling startup_stm32f10x_md.s...
compiling system_stm32f10x.c...
compiling stm32f10x_bkp.c...
compiling qf_conf.c...
compiling stm32f10x_it.c...
compiling misc.c...
compiling stm32f10x_cec.c...
compiling stm32f10x_can.c...
compiling stm32f10x_adc.c...
compiling stm32f10x_dbgmcu.c...
compiling stm32f10x_crc.c...
compiling stm32f10x_dma.c...
compiling stm32f10x_exti.c...
compiling stm32f10x_dac.c...
compiling stm32f10x_gpio.c...
compiling stm32f10x_flash.c...
compiling stm32f10x_fsmc.c...
compiling stm32f10x_iwdg.c...
compiling stm32f10x_spi.c...
compiling stm32f10x_rtc.c...
compiling stm32f10x_i2c.c...
compiling stm32f10x_pwr.c...
compiling stm32f10x_sdio.c...
compiling stm32f10x_rcc.c...
compiling stm32f10x_tim.c...
compiling qf_delay.c...
compiling stm32f10x_usart.c...
compiling qf_sys.c...
compiling qf_timer.c...
compiling qf_pwm.c...
compiling qf_adc.c...
compiling stm32f10x_wwdg.c...
compiling qf_uart.c...
compiling qf_flash.c...
compiling main.c...
linking...
Program Size: Code=1560 RO-data=268 RW-data=68 ZI-data=1412  
FromELF: creating hex file...
"..\OBJ\Template.axf" - 0 Error(s), 0 Warning(s).
Build Time Elapsed:  00:00:09
